<?xml version="1.0" encoding="UTF-8"?>
<!-- Generated by org.testng.reporters.JUnitReportReporter -->
<testsuite hostname="adminVschib-PC" name="applicationTestCases.LoginCRM" tests="1" failures="0" timestamp="20 Jan 2018 02:58:08 GMT" time="10.088" errors="0">
  <testcase name="loginAdm" time="10.088" classname="applicationTestCases.LoginCRM"/>
</testsuite> <!-- applicationTestCases.LoginCRM -->
