<?xml version="1.0" encoding="UTF-8"?>
<!-- Generated by org.testng.reporters.JUnitReportReporter -->
<testsuite hostname="adminVschib-PC" name="applicationTestCases.AddUser" tests="1" failures="0" timestamp="23 Feb 2018 10:40:44 GMT" time="35.529" errors="0">
  <testcase name="userAdd" time="35.529" classname="applicationTestCases.AddUser"/>
</testsuite> <!-- applicationTestCases.AddUser -->
