<?xml version="1.0" encoding="UTF-8"?>
<!-- Generated by org.testng.reporters.JUnitReportReporter -->
<testsuite hostname="adminVschib-PC" name="unitTestCases.SeleniumTestCloudmobile" tests="1" failures="0" timestamp="22 Feb 2018 15:02:35 GMT" time="51.649" errors="0">
  <testcase name="testBrowser" time="51.649" classname="unitTestCases.SeleniumTestCloudmobile"/>
</testsuite> <!-- unitTestCases.SeleniumTestCloudmobile -->
