<?xml version="1.0" encoding="UTF-8"?>
<!-- Generated by org.testng.reporters.JUnitReportReporter -->
<testsuite hostname="adminVschib-PC" name="applicationTestCases.LoginCRM" tests="1" failures="0" timestamp="20 Jan 2018 03:04:27 GMT" time="5.672" errors="0">
  <testcase name="loginAdm" time="5.672" classname="applicationTestCases.LoginCRM"/>
</testsuite> <!-- applicationTestCases.LoginCRM -->
