<?xml version="1.0" encoding="UTF-8"?>
<!-- Generated by org.testng.reporters.JUnitReportReporter -->
<testsuite hostname="adminVschib-PC" name="unitTestCases.SeleniumTestCloud" tests="1" failures="0" timestamp="22 Feb 2018 13:52:14 GMT" time="26.154" errors="0">
  <testcase name="testBrowser" time="26.154" classname="unitTestCases.SeleniumTestCloud"/>
</testsuite> <!-- unitTestCases.SeleniumTestCloud -->
