<?xml version="1.0" encoding="UTF-8"?>
<!-- Generated by org.testng.reporters.JUnitReportReporter -->
<testsuite hostname="adminVschib-PC" name="unitTestCases.HeadlessBrowserTest" tests="1" failures="0" timestamp="13 Feb 2018 08:45:53 GMT" time="32.375" errors="0">
  <testcase name="testBrowser" time="32.375" classname="unitTestCases.HeadlessBrowserTest"/>
</testsuite> <!-- unitTestCases.HeadlessBrowserTest -->
