<?xml version="1.0" encoding="UTF-8"?>
<!-- Generated by org.testng.reporters.JUnitReportReporter -->
<testsuite hostname="adminVschib-PC" name="unitTestCases.SeleniumGridTestCase" tests="1" failures="0" timestamp="13 Feb 2018 08:34:14 GMT" time="59.245" errors="0">
  <testcase name="testBrowser" time="59.245" classname="unitTestCases.SeleniumGridTestCase"/>
</testsuite> <!-- unitTestCases.SeleniumGridTestCase -->
